<?xml version="1.0" encoding="UTF-8"?>
<!-- Generated by org.testng.reporters.JUnitReportReporter -->
<testsuite hostname="Anushas-MacBook-Pro.local" failures="0" tests="5" name="test.Scenario4" time="11.475" errors="0" timestamp="2021-07-28T21:38:03 EDT" skipped="0">
  <testcase classname="test.Scenario4" name="s4" time="9.643"/>
  <system-out>
    <![CDATA[HOTEL NAME IS: The Red House]]>
  </system-out>
  <testcase classname="test.Scenario4" name="filterByPayAtHotel" time="0.327"/>
  <system-out/>
  <testcase classname="test.Scenario4" name="filterByPrice" time="0.546"/>
  <system-out/>
  <testcase classname="test.Scenario4" name="filterByCustomerRating" time="0.511"/>
  <system-out/>
  <testcase classname="test.Scenario4" name="filterByStars" time="0.448"/>
  <system-out/>
</testsuite> <!-- test.Scenario4 -->
