<?xml version="1.0" encoding="UTF-8"?>
<!-- Generated by org.testng.reporters.JUnitReportReporter -->
<testsuite hostname="Anushas-MacBook-Pro.local" failures="0" tests="1" name="test.Scenario1" time="9.453" errors="0" timestamp="2021-08-09T22:13:13 EDT" skipped="0">
  <testcase classname="test.Scenario1" name="s1" time="9.453"/>
  <system-out>
    <![CDATA[HOTEL NAME IS: Mountain Trails]]>
  </system-out>
</testsuite> <!-- test.Scenario1 -->
