<?xml version="1.0" encoding="UTF-8"?>
<!-- Generated by org.testng.reporters.JUnitReportReporter -->
<testsuite hostname="Anushas-MacBook-Pro.local" failures="0" tests="6" name="test.Scenario3" time="13.462" errors="0" timestamp="2021-08-09T22:13:13 EDT" skipped="0">
  <testcase classname="test.Scenario3" name="s3" time="9.662"/>
  <system-out>
    <![CDATA[HOTEL NAME IS: Zostel Ooty]]>
  </system-out>
  <testcase classname="test.Scenario3" name="verifyRoomOptions" time="0.910"/>
  <system-out>
    <![CDATA[<br><img src='/Users/anushaprashanth/eclipse-workspace/certification-project-p1-hybrid/test-output/roomImage.jpg' height ='400' width = '400'/><br>
SUCCESS  - The Room Options section is displayed.Verified display of an element in the Room options section]]>
  </system-out>
  <testcase classname="test.Scenario3" name="verifyLocationDetails" time="0.383"/>
  <system-out>
    <![CDATA[SUCCESS  - The Location section is displayed. Verified display of an element in the Location section]]>
  </system-out>
  <testcase classname="test.Scenario3" name="verifyGuestReviews" time="0.373"/>
  <system-out>
    <![CDATA[SUCCESS  - The Guest Review Section is displayed. Verified display of an element in the Guest Reviews section]]>
  </system-out>
  <testcase classname="test.Scenario3" name="verifyQASection" time="1.688"/>
  <system-out>
    <![CDATA[SUCCESS  - The Q&A Section is displayed. Verified display of an element in the Q&A section]]>
  </system-out>
  <testcase classname="test.Scenario3" name="verifyhotelPolicies" time="0.446"/>
  <system-out>
    <![CDATA[SUCCESS  - The Hotel Policies Section is displayed. Verified display of an element in the Hotel Policies section]]>
  </system-out>
</testsuite> <!-- test.Scenario3 -->
