<?xml version="1.0" encoding="UTF-8"?>
<!-- Generated by org.testng.reporters.JUnitReportReporter -->
<testsuite hostname="Anushas-MacBook-Pro.local" failures="0" tests="5" name="test.Scenario4" time="9.321" errors="0" timestamp="2021-08-09T22:13:13 EDT" skipped="0">
  <testcase classname="test.Scenario4" name="s4" time="7.947"/>
  <system-out>
    <![CDATA[HOTEL NAME IS: Mountain Trails]]>
  </system-out>
  <testcase classname="test.Scenario4" name="filterByPayAtHotel" time="0.278"/>
  <system-out/>
  <testcase classname="test.Scenario4" name="filterByPrice" time="0.337"/>
  <system-out/>
  <testcase classname="test.Scenario4" name="filterByCustomerRating" time="0.396"/>
  <system-out/>
  <testcase classname="test.Scenario4" name="filterByStars" time="0.363"/>
  <system-out/>
</testsuite> <!-- test.Scenario4 -->
