<?xml version="1.0" encoding="UTF-8"?>
<!-- Generated by org.testng.reporters.JUnitReportReporter -->
<testsuite hostname="Anushas-MacBook-Pro.local" failures="0" tests="2" name="test.BasicValidation" time="0.021" errors="0" timestamp="2021-07-12T21:56:23 EDT" skipped="0">
  <testcase classname="test.BasicValidation" name="titleValidation" time="0.011"/>
  <system-out/>
  <testcase classname="test.BasicValidation" name="urlValidation" time="0.010"/>
  <system-out/>
</testsuite> <!-- test.BasicValidation -->
