<?xml version="1.0" encoding="UTF-8"?>
<!-- Generated by org.testng.reporters.JUnitReportReporter -->
<testsuite hostname="Anushas-MacBook-Pro.local" failures="0" tests="7" name="test.LoginTest" time="1.272" errors="0" timestamp="2021-07-12T21:56:23 EDT" skipped="0">
  <testcase classname="test.LoginTest" name="blankUsernameValidation" time="0.131"/>
  <system-out>
    <![CDATA[Username: 
Password: test1234]]>
  </system-out>
  <testcase classname="test.LoginTest" name="invalidUsernameInvalidPasswordValidation" time="0.211"/>
  <system-out>
    <![CDATA[Username: invalid-dan@gmail.com
Password: invalid-test1234]]>
  </system-out>
  <testcase classname="test.LoginTest" name="validUsernameInvalidPasswordValidation" time="0.179"/>
  <system-out>
    <![CDATA[Username: dan@gmail.com
Password: invalid-test1234]]>
  </system-out>
  <testcase classname="test.LoginTest" name="invalidUsernameValidPasswordValidation" time="0.195"/>
  <system-out>
    <![CDATA[Username: invalid-dan@gmail.com
Password: test1234]]>
  </system-out>
  <testcase classname="test.LoginTest" name="blankPasswordValidation" time="0.256"/>
  <system-out>
    <![CDATA[Username: dan@gmail.com
Password: ]]>
  </system-out>
  <testcase classname="test.LoginTest" name="validLoginValidation" time="0.174"/>
  <system-out>
    <![CDATA[Username: dan@gmail.com
Password: test1234]]>
  </system-out>
  <testcase classname="test.LoginTest" name="blankUsernameAndPasswordValidation" time="0.126"/>
  <system-out>
    <![CDATA[Username: 
Password: ]]>
  </system-out>
</testsuite> <!-- test.LoginTest -->
